[15:59:07.102] [INFO] Storybook Upgrade - v9.1.10
[15:59:07.109] [INFO] detect-projects-spinner-start: Detecting projects...
[15:59:07.110] [DEBUG] Finding Storybook projects...
[15:59:12.181] [DEBUG] Found 1 Storybook projects
[15:59:12.181] [INFO] detect-projects-spinner: Detecting projects: 1 projects
[15:59:12.182] [DEBUG] Getting Storybook data...
[15:59:12.182] [DEBUG] Getting Storybook info...
[15:59:12.183] [DEBUG] Loading main config...
[15:59:12.232] [DEBUG] Getting stories paths...
[15:59:12.262] [DEBUG] Getting package manager...
[15:59:12.852] [DEBUG] Getting Storybook version...
[15:59:12.855] [DEBUG] /turboui/.storybook - Validating before version... 8.6.14
[15:59:12.855] [DEBUG] /turboui/.storybook - Validating upgrade compatibility...
[15:59:12.855] [DEBUG] /turboui/.storybook - Fetching NPM version information...
[15:59:12.855] [DEBUG] Getting CLI versions from NPM for storybook...
[15:59:12.858] [DEBUG] Getting CLI versions from NPM for storybook@next...
[15:59:13.563] [DEBUG] /turboui/.storybook - Evaluating blockers...
[15:59:13.568] [DEBUG] Getting installed version for @storybook/experimental-addon-test...
[15:59:14.199] [INFO] detect-projects-spinner-stop: 1 project detected
[15:59:14.200] [DEBUG] Found 1 valid projects and 0 error projects
[15:59:14.200] [INFO] Upgrading from 8.6.14 to 9.1.10
[15:59:14.203] [INFO] upgrade-dependencies-task-start: Fetching versions to update package.json files..
[15:59:14.203] [DEBUG] Updating dependencies in /turboui/.storybook...
[15:59:14.206] [INFO] upgrade-dependencies-task: /turboui/package.json
/package.json
[15:59:14.207] [DEBUG] {
  "upgradedDependencies": []
}
[15:59:14.207] [DEBUG] {
  "upgradedDevDependencies": [
    "@storybook/addon-onboarding@^9.1.10",
    "@storybook/addon-themes@^9.1.10",
    "@storybook/react@^9.1.10",
    "@storybook/react-vite@^9.1.10",
    "storybook@^9.1.10"
  ]
}
[15:59:14.207] [DEBUG] {
  "upgradedPeerDependencies": []
}
[15:59:14.210] [DEBUG] Getting CLI versions from NPM for @storybook/addon-onboarding...
[15:59:14.799] [DEBUG] Getting CLI versions from NPM for @storybook/addon-themes...
[15:59:15.352] [DEBUG] Getting CLI versions from NPM for @storybook/react...
[15:59:16.220] [DEBUG] Getting CLI versions from NPM for @storybook/react-vite...
[15:59:17.489] [DEBUG] Using cached version for storybook...
[15:59:17.491] [DEBUG] {
  "upgradedDependencies": []
}
[15:59:17.491] [DEBUG] {
  "upgradedDevDependencies": []
}
[15:59:17.491] [DEBUG] {
  "upgradedPeerDependencies": []
}
[15:59:17.494] [INFO] upgrade-dependencies-task-success: Updated package versions in package.json files
[15:59:17.495] [INFO] detect-automigrations-task-start: Detecting automigrations...
[15:59:17.495] [DEBUG] Starting automigration collection across 1 projects and 16 fixes...
[15:59:17.504] [INFO] detect-automigrations-task: Checking automigrations for /turboui/.storybook...
[15:59:17.504] [DEBUG] Processing project: /turboui/.storybook
[15:59:17.504] [DEBUG] Checking fix eslintPlugin for project /turboui/.storybook...
[15:59:17.516] [DEBUG] Checking fix addon-mdx-gfm-remove for project /turboui/.storybook...
[15:59:17.517] [DEBUG] Checking fix addon-storysource-code-panel for project /turboui/.storybook...
[15:59:17.518] [DEBUG] Checking fix upgrade-storybook-related-dependencies for project /turboui/.storybook...
[15:59:17.518] [DEBUG] Checking for incompatible storybook packages...
[15:59:17.523] [DEBUG] Getting installed version for @storybook/addon-essentials...
[15:59:17.525] [DEBUG] Getting installed version for @storybook/addon-interactions...
[15:59:17.526] [DEBUG] Getting installed version for @storybook/addon-styling-webpack...
[15:59:17.527] [DEBUG] Getting installed version for @storybook/blocks...
[15:59:17.529] [DEBUG] Getting installed version for @storybook/test...
[15:59:18.894] [DEBUG] An issue occurred while trying to find dependencies metadata using npm.
[15:59:18.894] [DEBUG] Getting CLI versions from NPM for @storybook/addon-interactions...
[15:59:18.899] [DEBUG] An issue occurred while trying to find dependencies metadata using npm.
[15:59:18.899] [DEBUG] Getting CLI versions from NPM for @storybook/test...
[15:59:18.901] [DEBUG] An issue occurred while trying to find dependencies metadata using npm.
[15:59:18.901] [DEBUG] Getting CLI versions from NPM for @storybook/addon-essentials...
[15:59:18.906] [DEBUG] An issue occurred while trying to find dependencies metadata using npm.
[15:59:18.906] [DEBUG] Getting CLI versions from NPM for @storybook/blocks...
[15:59:18.908] [DEBUG] An issue occurred while trying to find dependencies metadata using npm.
[15:59:18.908] [DEBUG] Getting CLI versions from NPM for @storybook/addon-styling-webpack...
[15:59:20.488] [DEBUG] Checking fix initial-globals for project /turboui/.storybook...
[15:59:20.522] [DEBUG] Checking fix addon-globals-api for project /turboui/.storybook...
[15:59:20.531] [DEBUG] Checking fix addon-a11y-addon-test for project /turboui/.storybook...
[15:59:20.531] [DEBUG] Checking fix consolidated-imports for project /turboui/.storybook...
[15:59:20.532] [DEBUG] Checking fix addon-experimental-test for project /turboui/.storybook...
[15:59:20.532] [DEBUG] Using cached installed version for @storybook/experimental-addon-test...
[15:59:20.532] [DEBUG] Checking fix rnstorybook-config for project /turboui/.storybook...
[15:59:20.533] [DEBUG] Checking fix remove-addon-interactions for project /turboui/.storybook...
[15:59:20.533] [DEBUG] Checking fix renderer-to-framework for project /turboui/.storybook...
[15:59:20.534] [DEBUG] Checking fix remove-essential-addons for project /turboui/.storybook...
[15:59:20.535] [DEBUG] Checking fix addon-a11y-parameters for project /turboui/.storybook...
[15:59:20.535] [DEBUG] Checking fix remove-docs-autodocs for project /turboui/.storybook...
[15:59:20.539] [DEBUG] Checking fix wrap-require for project /turboui/.storybook...
[15:59:20.546] [INFO] detect-automigrations-task: 
Automigrations detected:
[15:59:20.550] [INFO] detect-automigrations-task: ✔ addon-globals-api
[15:59:20.552] [INFO] detect-automigrations-task: ✔ consolidated-imports
[15:59:20.554] [INFO] detect-automigrations-task: ✔ remove-addon-interactions
[15:59:20.556] [INFO] detect-automigrations-task: ✔ renderer-to-framework
[15:59:20.560] [INFO] detect-automigrations-task: ✔ remove-essential-addons
[15:59:20.560] [INFO] detect-automigrations-task-success: 5 automigration(s) detected
[16:00:20.807] [PROMPT] Select automigrations to run {"choice":["addon-globals-api","remove-addon-interactions","renderer-to-framework","remove-essential-addons","consolidated-imports"]}
[16:00:20.819] [INFO] automigrate-/turboui/.storybook-task-start: Running automigrations for /turboui/.storybook
[16:00:22.121] [INFO] automigrate-/turboui/.storybook-task: ✔ addon-globals-api
[16:00:22.153] [INFO] automigrate-/turboui/.storybook-task: ✔ consolidated-imports
[16:00:22.157] [DEBUG] Uninstalling @storybook/addon-interactions
[16:00:22.159] [DEBUG] Removing '@storybook/addon-interactions' from main.js addons field.
[16:00:22.168] [INFO] automigrate-/turboui/.storybook-task: ✔ remove-addon-interactions
[16:00:22.168] [DEBUG] 
Migrating @storybook/react to @storybook/react-vite
[16:00:22.280] [DEBUG] Updating package.json files...
[16:00:22.304] [INFO] automigrate-/turboui/.storybook-task: ✔ renderer-to-framework
[16:00:22.328] [DEBUG] Uninstalling @storybook/addon-essentials
[16:00:22.337] [DEBUG] Removing '@storybook/addon-essentials' from main.js addons field.
[16:00:22.395] [DEBUG] Getting Storybook info...
[16:00:22.398] [DEBUG] Loading main config...
[16:00:22.442] [DEBUG] Getting stories paths...
[16:00:22.443] [DEBUG] Getting package manager...
[16:00:24.004] [DEBUG] Getting Storybook version...
[16:00:24.016] [INFO] automigrate-/turboui/.storybook-task: Verifying @storybook/addon-docs
[16:00:24.027] [INFO] automigrate-/turboui/.storybook-task: Installing @storybook/addon-docs@^9.1.10
[16:00:24.029] [DEBUG] Getting CLI versions from NPM for @storybook/addon-docs...
[16:00:25.110] [INFO] automigrate-/turboui/.storybook-task: Adding '@storybook/addon-docs' to the "addons" field in
/home/dev/app/turboui/.storybook/main.ts
[16:00:25.134] [INFO] automigrate-/turboui/.storybook-task: ✔ remove-essential-addons
[16:00:25.135] [INFO] automigrate-/turboui/.storybook-task-success: Completed automigrations for /turboui/.storybook
[16:00:25.136] [INFO] Installing dependencies...
[16:00:25.136] [INFO] install-dependencies-task-start: Installing dependencies...
[16:00:25.439] [INFO] up to date, audited 1 package in 166ms
[16:00:25.443] [INFO] install-dependencies-task: up to date, audited 1 package in 166ms
[16:00:25.443] [INFO] found 0 vulnerabilities
[16:00:25.447] [INFO] install-dependencies-task: found 0 vulnerabilities
[16:00:25.447] [INFO] Dependencies installed
[16:00:25.447] [INFO] install-dependencies-task-success: Dependencies installed
[16:00:25.449] [INFO] Checking the health of your project(s)..
[16:00:26.656] [DEBUG] An issue occurred while trying to find dependencies metadata using npm.
[16:00:26.656] [WARN] /turboui/.storybook: 1 issue found
[16:00:26.660] [INFO] You are currently using Storybook 9.1.10 but you have packages which are incompatible with it:

- @storybook/addon-styling-webpack@1.0.1 which depends on ^8.0.0-alpha.10

Please consider updating your packages or contacting the maintainers for compatibility details.

For more on Storybook 9 compatibility, see the linked GitHub issue:
https://github.com/storybookjs/storybook/issues/30944
[16:00:26.660] [INFO] Incompatible Packages
[16:00:26.663] [INFO] You are currently using Storybook 9.1.10 but you have packages which are incompatible with it:

- @storybook/addon-styling-webpack@1.0.1 which depends on ^8.0.0-alpha.10

Please consider updating your packages or contacting the maintainers for compatibility details.

For more on Storybook 9 compatibility, see the linked GitHub issue:
https://github.com/storybookjs/storybook/issues/30944
[16:00:26.666] [INFO] Storybook doctor is complete!
[16:00:26.669] [INFO] You can always recheck the health of your project(s) by running:
npx storybook doctor
[16:00:26.674] [INFO] The upgrade is complete!
[16:00:26.677] [INFO] Your project(s) have been upgraded successfully, but some issues were found which need your attention, please check Storybook doctor logs above.
[16:00:26.696] [INFO] If you want to learn more about the automigrations that executed in your project(s), please check the following links:

• addon-globals-api
• consolidated-imports
• remove-addon-interactions
• renderer-to-framework
• remove-essential-addons
[16:00:26.700] [INFO] For a full list of changes, please check our migration guide: https://storybook.js.org/docs/migration-guide?ref=upgrade
[16:00:26.705] [INFO] Attention: Storybook now collects completely anonymous telemetry regarding usage. This information is used to shape Storybook's roadmap and prioritize features.
[16:00:26.709] [INFO] You can learn more, including how to opt-out if you'd not like to participate in this anonymous program, by visiting the following URL:
[16:00:26.713] [INFO] https://storybook.js.org/telemetry
[16:00:26.717] [INFO] 